1 3079776
10 3775
104 2
105 5
106 1
11 1758
110 2
12 2073
13 332
135 39
14 598
140 4
141 15
15 1050
151 2
159 2
16 699
167 1
17 128
18 300
186 25
19 474
2 354660
20 1807
209 2
21 1116
210 14
22 3567
23 3237
232 1
24 2431
25 2485
250 1
26 507
27 181
28 211
29 116
3 112503
30 75
31 33
32 28
33 16
34 87
35 52
36 101
37 58
38 9725
39 4830
391 1
4 54478
40 595
41 60
42 62
43 1736
44 1502
45 2091
46 4126
47 1874
48 3622
49 787
5 40630
50 614
51 310
52 72
53 159
54 243
55 783
56 24
57 28
579 1
582 1
588 2
589 1
59 72
592 1
594 10
595 1
596 9
6 57615
60 20
608 2
61 43
615 1
62 18
622 2
625 1
63 7
65 38
66 134
67 142
68 41
682 2
683 2
684 1
685 9
686 5
687 4
688 2
689 2
690 1
7 14883
71 4
76 1
78 2
8 4832
81 4
82 2
83 1
87 2
89 55
9 14351
