2023-08-16 09:17:36,242 - Loaded System Directive: org.apache.velocity.runtime.directive.Break
2023-08-16 09:17:36,242 - Loaded System Directive: org.apache.velocity.runtime.directive.Evaluate
2023-08-16 09:17:36,242 - Loaded System Directive: org.apache.velocity.runtime.directive.Literal
2023-08-16 09:17:36,243 - Loaded System Directive: org.apache.velocity.runtime.directive.Macro
2023-08-16 09:17:36,243 - Loaded System Directive: org.apache.velocity.runtime.directive.Parse
2023-08-16 09:17:36,244 - Loaded System Directive: org.apache.velocity.runtime.directive.Include
2023-08-16 09:17:36,244 - Loaded System Directive: org.apache.velocity.runtime.directive.Foreach
2023-08-16 09:17:36,263 - Created '20' parsers.
2023-08-16 09:17:36,265 - Velocimacro : "velocimacro.library" is not set.  Trying default library: VM_global_library.vm
2023-08-16 09:17:36,265 - Could not load resource 'VM_global_library.vm' from ResourceLoader org.apache.velocity.runtime.resource.loader.ClasspathResourceLoader: ClasspathResourceLoader Error: cannot find resource VM_global_library.vm
2023-08-16 09:17:36,265 - Velocimacro : Default library not found.
2023-08-16 09:17:36,266 - Velocimacro : allowInline = true : VMs can be defined inline in templates
2023-08-16 09:17:36,266 - Velocimacro : allowInlineToOverride = false : VMs defined inline may NOT replace previous VM definitions
2023-08-16 09:17:36,267 - Velocimacro : allowInlineLocal = false : VMs defined inline will be global in scope if allowed.
2023-08-16 09:17:36,267 - Velocimacro : autoload off : VM system will not automatically reload global library macros
2023-08-16 09:17:36,278 - ResourceManager : found Theme.vm with loader org.apache.velocity.runtime.resource.loader.ClasspathResourceLoader
2023-08-22 00:37:01,811 - Log4JLogChute initialized using file 'velocity.log'
2023-08-22 00:37:01,812 - Initializing Velocity, Calling init()...
2023-08-22 00:37:01,812 - Starting Apache Velocity v1.7 (compiled: 2010-11-19 12:14:37)
2023-08-22 00:37:01,812 - Default Properties File: org/apache/velocity/runtime/defaults/velocity.properties
2023-08-22 00:37:01,812 - Trying to use logger class org.apache.velocity.runtime.log.AvalonLogChute
2023-08-22 00:37:01,812 - Target log system for org.apache.velocity.runtime.log.AvalonLogChute is not available (java.lang.NoClassDefFoundError: org/apache/log/format/Formatter).  Falling back to next log system...
2023-08-22 00:37:01,812 - Trying to use logger class org.apache.velocity.runtime.log.Log4JLogChute
2023-08-22 00:37:01,812 - Using logger class org.apache.velocity.runtime.log.Log4JLogChute
2023-08-22 00:37:01,814 - ResourceLoader instantiated: org.apache.velocity.runtime.resource.loader.ClasspathResourceLoader
2023-08-22 00:37:01,824 - ResourceCache: initialized (class org.apache.velocity.runtime.resource.ResourceCacheImpl) with class java.util.Collections$SynchronizedMap cache map.
2023-08-22 00:37:01,827 - Loaded System Directive: org.apache.velocity.runtime.directive.Stop
2023-08-22 00:37:01,827 - Loaded System Directive: org.apache.velocity.runtime.directive.Define
2023-08-22 00:37:01,828 - Loaded System Directive: org.apache.velocity.runtime.directive.Break
2023-08-22 00:37:01,828 - Loaded System Directive: org.apache.velocity.runtime.directive.Evaluate
2023-08-22 00:37:01,829 - Loaded System Directive: org.apache.velocity.runtime.directive.Literal
2023-08-22 00:37:01,830 - Loaded System Directive: org.apache.velocity.runtime.directive.Macro
2023-08-22 00:37:01,830 - Loaded System Directive: org.apache.velocity.runtime.directive.Parse
2023-08-22 00:37:01,831 - Loaded System Directive: org.apache.velocity.runtime.directive.Include
2023-08-22 00:37:01,832 - Loaded System Directive: org.apache.velocity.runtime.directive.Foreach
2023-08-22 00:37:01,856 - Created '20' parsers.
2023-08-22 00:37:01,859 - Velocimacro : "velocimacro.library" is not set.  Trying default library: VM_global_library.vm
2023-08-22 00:37:01,860 - Could not load resource 'VM_global_library.vm' from ResourceLoader org.apache.velocity.runtime.resource.loader.ClasspathResourceLoader: ClasspathResourceLoader Error: cannot find resource VM_global_library.vm
2023-08-22 00:37:01,860 - Velocimacro : Default library not found.
2023-08-22 00:37:01,861 - Velocimacro : allowInline = true : VMs can be defined inline in templates
2023-08-22 00:37:01,861 - Velocimacro : allowInlineToOverride = false : VMs defined inline may NOT replace previous VM definitions
2023-08-22 00:37:01,861 - Velocimacro : allowInlineLocal = false : VMs defined inline will be global in scope if allowed.
2023-08-22 00:37:01,861 - Velocimacro : autoload off : VM system will not automatically reload global library macros
2023-08-22 00:37:01,873 - ResourceManager : found Theme.vm with loader org.apache.velocity.runtime.resource.loader.ClasspathResourceLoader
2023-09-04 16:18:04,921 - Log4JLogChute initialized using file 'velocity.log'
2023-09-04 16:18:04,922 - Initializing Velocity, Calling init()...
2023-09-04 16:18:04,922 - Starting Apache Velocity v1.7 (compiled: 2010-11-19 12:14:37)
2023-09-04 16:18:04,922 - Default Properties File: org/apache/velocity/runtime/defaults/velocity.properties
2023-09-04 16:18:04,922 - Trying to use logger class org.apache.velocity.runtime.log.AvalonLogChute
2023-09-04 16:18:04,922 - Target log system for org.apache.velocity.runtime.log.AvalonLogChute is not available (java.lang.NoClassDefFoundError: org/apache/log/format/Formatter).  Falling back to next log system...
2023-09-04 16:18:04,922 - Trying to use logger class org.apache.velocity.runtime.log.Log4JLogChute
2023-09-04 16:18:04,922 - Using logger class org.apache.velocity.runtime.log.Log4JLogChute
2023-09-04 16:18:04,924 - ResourceLoader instantiated: org.apache.velocity.runtime.resource.loader.ClasspathResourceLoader
2023-09-04 16:18:04,932 - ResourceCache: initialized (class org.apache.velocity.runtime.resource.ResourceCacheImpl) with class java.util.Collections$SynchronizedMap cache map.
2023-09-04 16:18:04,934 - Loaded System Directive: org.apache.velocity.runtime.directive.Stop
2023-09-04 16:18:04,935 - Loaded System Directive: org.apache.velocity.runtime.directive.Define
2023-09-04 16:18:04,935 - Loaded System Directive: org.apache.velocity.runtime.directive.Break
2023-09-04 16:18:04,935 - Loaded System Directive: org.apache.velocity.runtime.directive.Evaluate
2023-09-04 16:18:04,936 - Loaded System Directive: org.apache.velocity.runtime.directive.Literal
2023-09-04 16:18:04,936 - Loaded System Directive: org.apache.velocity.runtime.directive.Macro
2023-09-04 16:18:04,937 - Loaded System Directive: org.apache.velocity.runtime.directive.Parse
2023-09-04 16:18:04,937 - Loaded System Directive: org.apache.velocity.runtime.directive.Include
2023-09-04 16:18:04,938 - Loaded System Directive: org.apache.velocity.runtime.directive.Foreach
2023-09-04 16:18:04,958 - Created '20' parsers.
2023-09-04 16:18:04,960 - Velocimacro : "velocimacro.library" is not set.  Trying default library: VM_global_library.vm
2023-09-04 16:18:04,961 - Could not load resource 'VM_global_library.vm' from ResourceLoader org.apache.velocity.runtime.resource.loader.ClasspathResourceLoader: ClasspathResourceLoader Error: cannot find resource VM_global_library.vm
2023-09-04 16:18:04,961 - Velocimacro : Default library not found.
2023-09-04 16:18:04,961 - Velocimacro : allowInline = true : VMs can be defined inline in templates
2023-09-04 16:18:04,962 - Velocimacro : allowInlineToOverride = false : VMs defined inline may NOT replace previous VM definitions
2023-09-04 16:18:04,963 - Velocimacro : allowInlineLocal = false : VMs defined inline will be global in scope if allowed.
2023-09-04 16:18:04,963 - Velocimacro : autoload off : VM system will not automatically reload global library macros
2023-09-04 16:18:04,973 - ResourceManager : found Theme.vm with loader org.apache.velocity.runtime.resource.loader.ClasspathResourceLoader
2023-09-04 16:19:14,731 - Log4JLogChute initialized using file 'velocity.log'
2023-09-04 16:19:14,732 - Initializing Velocity, Calling init()...
2023-09-04 16:19:14,732 - Starting Apache Velocity v1.7 (compiled: 2010-11-19 12:14:37)
2023-09-04 16:19:14,732 - Default Properties File: org/apache/velocity/runtime/defaults/velocity.properties
2023-09-04 16:19:14,732 - Trying to use logger class org.apache.velocity.runtime.log.AvalonLogChute
2023-09-04 16:19:14,732 - Target log system for org.apache.velocity.runtime.log.AvalonLogChute is not available (java.lang.NoClassDefFoundError: org/apache/log/format/Formatter).  Falling back to next log system...
2023-09-04 16:19:14,732 - Trying to use logger class org.apache.velocity.runtime.log.Log4JLogChute
2023-09-04 16:19:14,732 - Using logger class org.apache.velocity.runtime.log.Log4JLogChute
2023-09-04 16:19:14,734 - ResourceLoader instantiated: org.apache.velocity.runtime.resource.loader.ClasspathResourceLoader
2023-09-04 16:19:14,743 - ResourceCache: initialized (class org.apache.velocity.runtime.resource.ResourceCacheImpl) with class java.util.Collections$SynchronizedMap cache map.
2023-09-04 16:19:14,745 - Loaded System Directive: org.apache.velocity.runtime.directive.Stop
2023-09-04 16:19:14,745 - Loaded System Directive: org.apache.velocity.runtime.directive.Define
2023-09-04 16:19:14,746 - Loaded System Directive: org.apache.velocity.runtime.directive.Break
2023-09-04 16:19:14,746 - Loaded System Directive: org.apache.velocity.runtime.directive.Evaluate
2023-09-04 16:19:14,746 - Loaded System Directive: org.apache.velocity.runtime.directive.Literal
2023-09-04 16:19:14,747 - Loaded System Directive: org.apache.velocity.runtime.directive.Macro
2023-09-04 16:19:14,747 - Loaded System Directive: org.apache.velocity.runtime.directive.Parse
2023-09-04 16:19:14,748 - Loaded System Directive: org.apache.velocity.runtime.directive.Include
2023-09-04 16:19:14,748 - Loaded System Directive: org.apache.velocity.runtime.directive.Foreach
2023-09-04 16:19:14,768 - Created '20' parsers.
2023-09-04 16:19:14,771 - Velocimacro : "velocimacro.library" is not set.  Trying default library: VM_global_library.vm
2023-09-04 16:19:14,772 - Could not load resource 'VM_global_library.vm' from ResourceLoader org.apache.velocity.runtime.resource.loader.ClasspathResourceLoader: ClasspathResourceLoader Error: cannot find resource VM_global_library.vm
2023-09-04 16:19:14,772 - Velocimacro : Default library not found.
2023-09-04 16:19:14,772 - Velocimacro : allowInline = true : VMs can be defined inline in templates
2023-09-04 16:19:14,772 - Velocimacro : allowInlineToOverride = false : VMs defined inline may NOT replace previous VM definitions
2023-09-04 16:19:14,772 - Velocimacro : allowInlineLocal = false : VMs defined inline will be global in scope if allowed.
2023-09-04 16:19:14,772 - Velocimacro : autoload off : VM system will not automatically reload global library macros
2023-09-04 16:19:14,782 - ResourceManager : found Theme.vm with loader org.apache.velocity.runtime.resource.loader.ClasspathResourceLoader
